<?xml version="1.0" encoding="UTF-8" ?>
<testsuite tests="2" failures="0" name="example.ws.handler.HeaderHandlerTest" time="0.256" errors="0" skipped="0">
  <properties>
    <property name="java.runtime.name" value="Java(TM) SE Runtime Environment"/>
    <property name="sun.boot.library.path" value="D:\Java\jdk\8_152_64bit\jre\bin"/>
    <property name="java.vm.version" value="25.152-b16"/>
    <property name="user.country.format" value="PT"/>
    <property name="java.vm.vendor" value="Oracle Corporation"/>
    <property name="maven.multiModuleProjectDirectory" value="C:/Users/Miguel/Google Drive/Tecnico-DistSys/2018/labs/11-ws/ws-handlers"/>
    <property name="java.vendor.url" value="http://java.oracle.com/"/>
    <property name="path.separator" value=";"/>
    <property name="guice.disable.misplaced.annotation.check" value="true"/>
    <property name="java.vm.name" value="Java HotSpot(TM) 64-Bit Server VM"/>
    <property name="file.encoding.pkg" value="sun.io"/>
    <property name="user.script" value=""/>
    <property name="user.country" value="US"/>
    <property name="sun.java.launcher" value="SUN_STANDARD"/>
    <property name="sun.os.patch.level" value=""/>
    <property name="java.vm.specification.name" value="Java Virtual Machine Specification"/>
    <property name="user.dir" value="C:\Users\Miguel\Google Drive\Tecnico-DistSys\2018\labs\11-ws\ws-handlers"/>
    <property name="java.runtime.version" value="1.8.0_152-b16"/>
    <property name="java.awt.graphicsenv" value="sun.awt.Win32GraphicsEnvironment"/>
    <property name="java.endorsed.dirs" value="D:\Java\jdk\8_152_64bit\jre\lib\endorsed"/>
    <property name="os.arch" value="amd64"/>
    <property name="java.io.tmpdir" value="C:\Users\Miguel\AppData\Local\Temp\"/>
    <property name="line.separator" value="
"/>
    <property name="java.vm.specification.vendor" value="Oracle Corporation"/>
    <property name="user.variant" value=""/>
    <property name="os.name" value="Windows 10"/>
    <property name="classworlds.conf" value="C:/Java/apache-maven/3.3.9/bin/m2.conf"/>
    <property name="sun.jnu.encoding" value="Cp1252"/>
    <property name="java.library.path" value="D:\Java\jdk\8_152_64bit\bin;C:\WINDOWS\Sun\Java\bin;C:\WINDOWS\system32;C:\WINDOWS;C:\Users\Miguel\bin;C:\Program Files\Git\mingw64\bin;C:\Program Files\Git\usr\local\bin;C:\Program Files\Git\usr\bin;C:\Program Files\Git\usr\bin;C:\Program Files\Git\mingw64\bin;C:\Program Files\Git\usr\bin;C:\Users\Miguel\bin;C:\ProgramData\Oracle\Java\javapath;C:\WINDOWS\system32;C:\WINDOWS;C:\WINDOWS\System32\Wbem;C:\WINDOWS\System32\WindowsPowerShell\v1.0;C:\Program Files\Intel\WiFi\bin;C:\Program Files\Intel\iCLS Client;C:\Program Files\Intel\Intel(R) Management Engine Components\DAL;C:\Program Files\Intel\Intel(R) Management Engine Components\IPT;C:\Program Files (x86)\Intel\iCLS Client;C:\Program Files (x86)\Intel\Intel(R) Management Engine Components\DAL;C:\Program Files (x86)\Intel\Intel(R) Management Engine Components\IPT;C:\Program Files\Common Files\Intel\WirelessCommon;C:\Program Files (x86)\NVIDIA Corporation\PhysX\Common;C:\Program Files (x86)\Hewlett-Packard\HP Performance Advisor;C:\Program Files (x86)\QuickTime\QTSystem;C:\Program Files\SysinternalsSuite;C:\Program Files (x86)\putty;C:\Program Files\7-Zip;D:\Java\jdk\8_152_64bit\bin;D:\Java\apache-groovy\2.4.12\bin;D:\Java\apache-ant\1.10.1\bin;C:\Java\apache-maven\3.3.9\bin;D:\Java\gradle\4.2.1\bin;C:\Java\eclipse\jee-neon-2;C:\Program Files\Oracle\VirtualBox;C:\Python\3_6;C:\Python\3_6\Scripts;C:\Program Files\CollabNet\Subversion Client;C:\Program Files (x86)\Notepad++;C:\Program Files\IDM Computer Solutions\UltraEdit;C:\Program Files (x86)\Graphviz\2.38\bin;C:\Program Files\MiKTeX 2.9\miktex\bin\x64;C:\Program Files (x86)\PDFtk\bin;C:\Program Files\ImageMagick-7.0.2-Q16;C:\Program Files\IDM Computer Solutions\UltraEdit;C:\Program Files (x86)\Skype\Phone;C:\Program Files\Calibre2;C:\Program Files\Gource\cmd;%CYGWIN_HOME%\bin;C:\Program Files\Intel\WiFi\bin;C:\Program Files\Common Files\Intel\WirelessCommon;D:\Java\neo4j\3.3.3\bin;C:\Users\Miguel\OneDrive\_\script;C:\Users\Miguel\AppData\Local\Microsoft\WindowsApps;C:\Users\Miguel\AppData\Roaming\Python\Python36\Scripts;C:\Program Files\Docker Toolbox;C:\Users\Miguel\AppData\Local\GitHubDesktop\bin;C:\Program Files\Git\usr\bin\vendor_perl;C:\Program Files\Git\usr\bin\core_perl;."/>
    <property name="java.specification.name" value="Java Platform API Specification"/>
    <property name="java.class.version" value="52.0"/>
    <property name="sun.management.compiler" value="HotSpot 64-Bit Tiered Compilers"/>
    <property name="os.version" value="10.0"/>
    <property name="user.home" value="C:\Users\Miguel"/>
    <property name="user.timezone" value="Europe/London"/>
    <property name="java.awt.printerjob" value="sun.awt.windows.WPrinterJob"/>
    <property name="java.specification.version" value="1.8"/>
    <property name="file.encoding" value="Cp1252"/>
    <property name="user.name" value="Miguel"/>
    <property name="java.class.path" value="C:/Java/apache-maven/3.3.9/boot/plexus-classworlds-2.5.2.jar"/>
    <property name="java.vm.specification.version" value="1.8"/>
    <property name="sun.arch.data.model" value="64"/>
    <property name="java.home" value="D:\Java\jdk\8_152_64bit\jre"/>
    <property name="sun.java.command" value="org.codehaus.plexus.classworlds.launcher.Launcher clean install"/>
    <property name="java.specification.vendor" value="Oracle Corporation"/>
    <property name="user.language" value="en"/>
    <property name="user.language.format" value="pt"/>
    <property name="awt.toolkit" value="sun.awt.windows.WToolkit"/>
    <property name="java.vm.info" value="mixed mode"/>
    <property name="java.version" value="1.8.0_152"/>
    <property name="java.ext.dirs" value="D:\Java\jdk\8_152_64bit\jre\lib\ext;C:\WINDOWS\Sun\Java\lib\ext"/>
    <property name="sun.boot.class.path" value="D:\Java\jdk\8_152_64bit\jre\lib\resources.jar;D:\Java\jdk\8_152_64bit\jre\lib\rt.jar;D:\Java\jdk\8_152_64bit\jre\lib\sunrsasign.jar;D:\Java\jdk\8_152_64bit\jre\lib\jsse.jar;D:\Java\jdk\8_152_64bit\jre\lib\jce.jar;D:\Java\jdk\8_152_64bit\jre\lib\charsets.jar;D:\Java\jdk\8_152_64bit\jre\lib\jfr.jar;D:\Java\jdk\8_152_64bit\jre\classes"/>
    <property name="java.vendor" value="Oracle Corporation"/>
    <property name="maven.home" value="C:\Java\apache-maven\3.3.9"/>
    <property name="file.separator" value="\"/>
    <property name="java.vendor.url.bug" value="http://bugreport.sun.com/bugreport/"/>
    <property name="sun.cpu.endian" value="little"/>
    <property name="sun.io.unicode.encoding" value="UnicodeLittle"/>
    <property name="sun.desktop" value="windows"/>
    <property name="sun.cpu.isalist" value="amd64"/>
  </properties>
  <testcase classname="example.ws.handler.HeaderHandlerTest" name="testHeaderHandlerInbound" time="0.236"/>
  <testcase classname="example.ws.handler.HeaderHandlerTest" name="testHeaderHandlerOutbound" time="0.02"/>
</testsuite>